Arguments: 
  /Users/eric/.nvm/versions/node/v16.13.1/bin/node /opt/homebrew/Cellar/yarn/1.22.17_2/libexec/bin/yarn.js

PATH: 
  /Users/eric/.nvm/versions/node/v16.13.1/bin:/Users/eric/.rbenv/bin:/Users/eric/.rbenv/shims:/opt/homebrew/bin:/opt/homebrew/sbin:/usr/local/bin:/usr/bin:/bin:/usr/sbin:/sbin:/Library/Apple/usr/bin:/Users/eric/.nvm/versions/node/v16.13.1/bin:/Users/eric/.rbenv/bin:/Users/eric/.rbenv/shims:/opt/homebrew/bin:/opt/homebrew/sbin

Yarn version: 
  1.22.17

Node version: 
  16.13.1

Platform: 
  darwin arm64

Trace: 
  Error: https://registry.yarnpkg.com/mineko-io%2fdmn-eval-js: Request "https://registry.yarnpkg.com/mineko-io%2fdmn-eval-js" returned a 405
      at Request.params.callback [as _callback] (/opt/homebrew/Cellar/yarn/1.22.17_2/libexec/lib/cli.js:67038:18)
      at Request.self.callback (/opt/homebrew/Cellar/yarn/1.22.17_2/libexec/lib/cli.js:140883:22)
      at Request.emit (node:events:390:28)
      at Request.<anonymous> (/opt/homebrew/Cellar/yarn/1.22.17_2/libexec/lib/cli.js:141855:10)
      at Request.emit (node:events:390:28)
      at IncomingMessage.<anonymous> (/opt/homebrew/Cellar/yarn/1.22.17_2/libexec/lib/cli.js:141777:12)
      at Object.onceWrapper (node:events:509:28)
      at IncomingMessage.emit (node:events:402:35)
      at endReadableNT (node:internal/streams/readable:1343:12)
      at processTicksAndRejections (node:internal/process/task_queues:83:21)

npm manifest: 
  {
    "name": "processable",
    "description": "Processable is a BPMN/DMN workflow gem for Rails apps.",
    "private": true,
    "dependencies": {
      "mineko-io/dmn-eval-js": "1.5.0",
      "bpmn-moddle": "^7.0.5",
      "camunda-bpmn-moddle": "^5.1.2",
      "dmn-moddle": "^10.0",
      "js-feel": "^1.4.7"
    },
    "version": "0.1.0"
  }

yarn manifest: 
  No manifest

Lockfile: 
  No lockfile
